Unity Player [version: Unity 4.5.2f1_9abb1b59b47c]

mono.dll caused an Access Violation (0xc0000005)
  in module mono.dll at 0023:1005ef3b.

Error occurred at 2014-10-04_222218.
C:\Users\hacker\Documents\New Unity Project 1\HackMIT Demo.exe, run by hacker.
28% memory in use.
0 MB physical memory [0 MB free].
0 MB paging file [0 MB free].
0 MB user address space [3767 MB free].
Read from location fffffffe caused an access violation.

Context:
EDI:    0x00000000  ESI: 0x0acf0ee0  EAX:   0xfffffffe
EBX:    0x044de5e8  ECX: 0xffffffff  EDX:   0x00000000
EIP:    0x1005ef3b  EBP: 0x0032f638  SegCs: 0x00000023
EFlags: 0x00010246  ESP: 0x0032f628  SegSs: 0x0000002b

Bytes at CS:EIP:
8a 10 40 84 d2 75 f9 2b c1 8d 4d fc 51 8d 4d f8 

Stack:
0x0032f628: fffffffe 0acf0ee0 00000027 00000000 ........'.......
0x0032f638: 0032f648 10043073 01344e70 fffffffe H.2.s0..pN4.....
0x0032f648: 0032f688 044e4970 fffffffe 0032f7b8 ..2.pIN.......2.
0x0032f658: 0acf0ee0 0032f708 0032f688 00220bc0 ......2...2...".
0x0032f668: 00220b68 0acf0ee0 044e4959 044de5e8 h.".....YIN...M.
0x0032f678: 0032f7b8 0acf0ee0 0032f688 044e494c ..2.......2.LIN.
0x0032f688: 0032f708 044e46c9 fffffffe 0000002a ..2..FN.....*...
0x0032f698: 1007e5cc 0acf0ee0 0032f908 1007e604 ..........2.....
0x0032f6a8: 00000001 040a0072 044e46a8 044e4197 ....r....FN..AN.
0x0032f6b8: 044e46a8 00000000 00220bc1 00220b68 .FN.......".h.".
0x0032f6c8: 0ac8e3b0 0032f710 044de5e8 0a452ed8 ......2...M...E.
0x0032f6d8: 0acf0ee0 0032f908 044e4197 02172633 ......2..AN.3&..
0x0032f6e8: 0032f7b8 0032f814 00000000 044de5e8 ..2...2.......M.
0x0032f6f8: 0032f6fc 0032f908 0acf0ee0 0a452ed8 ..2...2.......E.
0x0032f708: 0032f908 044e4197 0032f7b8 0ef00d40 ..2..AN...2.@...
0x0032f718: 0ef09cb8 fffffffe 00000003 0ef0a338 ............8...
0x0032f728: 00000000 00000005 0ef095f0 0ef09fc8 ................
0x0032f738: fffffffe 0ef02df8 011d89c8 011d8a00 .....-..........
0x0032f748: fffffffe 011d8ae0 011d8b88 0ef09af8 ................
0x0032f758: fffffffe 00000008 0ef00d58 0ef09d98 ........X.......
0x0032f768: fffffffe 00000009 0ef0a2f8 0ef09d28 ............(...
0x0032f778: fffffffe 0000000a 0ef0a378 0ef09f58 ........x...X...
0x0032f788: fffffffe 0000000a 0ef09550 0ef09dd0 ........P.......
0x0032f798: fffffffe 0000000c 0ef095c8 0ef09e78 ............x...
0x0032f7a8: fffffffe 0032f7c0 10110433 00220000 ......2.3.....".
0x0032f7b8: 0ef00d40 0ef09cb8 00000000 00000000 @...............
0x0032f7c8: 00000000 00000000 00000000 00000000 ................
0x0032f7d8: 00000000 00000000 00000000 00000000 ................
0x0032f7e8: 00000000 00000000 00000000 00000000 ................
0x0032f7f8: 00000000 00000000 00000000 00000000 ................
0x0032f808: 00000000 00000000 00000000 0ef00d40 ............@...
0x0032f818: 0ef09cb8 fffffffe 00000003 0ef0a338 ............8...
0x0032f828: 00000000 00000005 0ef095f0 0ef09fc8 ................
0x0032f838: fffffffe 0ef02df8 011d89c8 011d8a00 .....-..........
0x0032f848: fffffffe 011d8ae0 011d8b88 0ef09af8 ................
0x0032f858: fffffffe 00000008 0ef00d58 0ef09d98 ........X.......
0x0032f868: fffffffe 00000009 0ef0a2f8 0ef09d28 ............(...
0x0032f878: fffffffe 0000000a 0ef0a378 0ef09f58 ........x...X...
0x0032f888: fffffffe 0000000a 0ef09550 0ef09dd0 ........P.......
0x0032f898: fffffffe 0000000c 0ef095c8 0ef09e78 ............x...
0x0032f8a8: fffffffe 040a0072 044e40f8 044e3e8a ....r....@N..>N.
0x0032f8b8: 044e40f8 00000000 00220bc1 00220b68 .@N.......".h.".
0x0032f8c8: 0ac8d620 0032f910 044de5e8 0a452ed8  .....2...M...E.
0x0032f8d8: 0acf0ee0 0032f9b8 044e3e8a 044e3dad ......2..>N..=N.
0x0032f8e8: 0137fd40 0032f924 0032f9dc 044de5e8 @.7.$.2...2...M.
0x0032f8f8: 0032f8fc 0032f9b8 0acf0ee0 0a452ed8 ..2...2.......E.
0x0032f908: 0032f9b8 044e3e8a 0032f924 0137fd40 ..2..>N.$.2.@.7.
0x0032f918: 0000005c 0a452ed8 42b40000 00000000 \.....E....B....
0x0032f928: 00000000 00000000 00000000 00000000 ................
0x0032f938: 00000000 00000000 00000000 00000000 ................
0x0032f948: 00000000 00000000 00000000 00000000 ................
0x0032f958: 00000000 00000000 00000000 00000000 ................
0x0032f968: 00000000 00000000 00000000 00000000 ................
0x0032f978: 00000000 00000000 00000000 00000000 ................
0x0032f988: 00000000 00000000 00000000 00000000 ................
0x0032f998: 0032f9e4 0032f9e0 0032f9dc 044de5e8 ..2...2...2...M.
0x0032f9a8: 00000000 40568000 0acf0ee0 00000000 ......V@........
0x0032f9b8: 0032f9e8 044e3db1 0032f9e4 0032f9e0 ..2..=N...2...2.
0x0032f9c8: 0032f9dc 0032f9d8 00220bc0 0032f9e4 ..2...2..."...2.
0x0032f9d8: 42b40000 42b40000 00000320 00000500 ...B...B .......
0x0032f9e8: 0032fa48 044e3992 01365fc0 044e3585 H.2..9N.._6..5N.
0x0032f9f8: 044e3958 00000000 00220bc1 00220b68 X9N.......".h.".
0x0032fa08: 0acee980 0032fa50 044de5e8 0a452ed8 ....P.2...M...E.
0x0032fa18: 0acf0ee0 0032fa78 044e3585 00220bc0 ....x.2..5N...".
0x0032fa28: 00000000 00220b68 00220bc0 044de5e8 ....h."..."...M.
0x0032fa38: 0032fa3c 0032fa78 0acf0ee0 0a452ed8 <.2.x.2.......E.
0x0032fa48: 0032fa78 044e3585 0a452ed8 00000001 x.2..5N...E.....
0x0032fa58: 0ac6d740 01344f08 01344e70 0032fac4 @....O4.pN4...2.
0x0032fa68: 10130518 0acf0ee0 0032fbc4 044de5e8 ..........2...M.
0x0032fa78: 0032fabc 044de629 0a452ed8 0032faa4 ..2.).M...E...2.
0x0032fa88: 101103ce 00220000 00000000 0000000c ......".........
0x0032fa98: 00000000 0022a158 00000000 00000000 ....X.".........
0x0032faa8: 10001d44 0000000c 0acee8e0 00223480 D............4".
0x0032fab8: 0acf0ee0 0032faec 100f00b6 0a452ed8 ......2.......E.
0x0032fac8: 00000000 0032fbc4 044e3460 00010000 ......2.`4N.....
0x0032fad8: 075302d4 0acee8e0 00000000 01344e70 ..S.........pN4.
0x0032fae8: 00000000 0032fb10 1005d6df 0acee8e0 ......2.........
0x0032faf8: 0a452ed8 00000000 0032fbc4 0a452ed8 ..E.......2...E.
0x0032fb08: 00000000 075302d4 0032fb88 014d7c24 ......S...2.$|M.
0x0032fb18: 0acee8e0 0a452ed8 00000000 0032fbc4 ......E.......2.
0x0032fb28: 075302d4 075de7b0 0a452ed8 00000000 ..S...]...E.....
0x0032fb38: 000001fc 000001fc 0032fbd8 00000000 ..........2.....
0x0032fb48: 00000000 033ca080 03380024 0032fb6c ......<.$.8.l.2.
0x0032fb58: 033c89d0 03380024 0032fb78 01809dde ..<.$.8.x.2.....
0x0032fb68: 033c89d0 00e218ec 033c89d8 075dff9c ..<.......<...].
0x0032fb78: 07500024 0a452ed8 075de7b0 075dff9c $.P...E...]...].
0x0032fb88: 0032fbc8 014d7f58 075302d4 00000000 ..2.X.M...S.....
0x0032fb98: 0032fbc4 033c51d4 075de7b0 00000000 ..2..Q<...].....
0x0032fba8: 033c51d4 03380dc4 0000479e 048b1de0 .Q<...8..G......
0x0032fbb8: 0032fbdc 014be982 048b1da8 00000000 ..2...K.........
0x0032fbc8: 0032fbdc 014d82af 075302d4 00000000 ..2...M...S.....
0x0032fbd8: 00000000 0032fc48 014bf0ae 075de7b0 ....H.2...K...].
0x0032fbe8: 00000000 8f3b2f91 0000000e 00000000 ...../;.........
0x0032fbf8: 03380dc4 0494b4e4 049588b4 03380dc4 ..8...........8.
0x0032fc08: 049588b4 049588b4 015278fe 3ca3d70a .........xR....<
0x0032fc18: 0484e584 3fc00000 40200000 00000000 .......?.. @....
0x0032fc28: 7756890d 048b1de0 00000001 00000000 ..Vw............
0x0032fc38: 014d8270 075de7b0 00000000 033c51ac p.M...]......Q<.
0x0032fc48: 0032fd08 0154f31b 00000004 00000000 ..2...T.........
0x0032fc58: 00000000 752910ff 0032fcbc 01527cc7 ......)u..2..|R.
0x0032fc68: 00000001 013ee5f2 00000000 00000000 ......>.........
0x0032fc78: 7754010a 00000000 00000000 0032fd00 ..Tw..........2.
0x0032fc88: 7754010a 0032fc9c 00000000 0032fcf0 ..Tw..2.......2.
0x0032fc98: 7754fd91 76933bd5 00000000 76933c01 ..Tw.;.v.....<.v
0x0032fca8: 0215fb45 0032fce4 01527cc7 00000001 E.....2..|R.....
0x0032fcb8: 013ee952 752910ff 00000000 033c7128 R.>...)u....(q<.
0x0032fcc8: 3fc00000 40200000 00000000 00000000 ...?.. @........
0x0032fcd8: 00000000 033ac604 033c7128 0032fd04 ......:.(q<...2.
0x0032fce8: 013f3582 00000000 00000000 76957000 .5?..........p.v
0x0032fcf8: 00000001 fffffffe 0484e860 0132fd14 ........`.....2.
0x0032fd08: 0032fd44 015c3e4b 00000000 00000001 D.2.K>\.........
0x0032fd18: 00000000 00000010 00000001 001b0f16 ................
0x0032fd28: 0000000f 00000000 00000000 0178a328 ............(.x.
0x0032fd38: 000001b7 00000412 00000544 0032fe5c ........D...\.2.
0x0032fd48: 015c566b 00000000 00000000 fffde000 kV\.............
0x0032fd58: 03381a5c 00e222e0 0032fcf4 7fffffff \.8.."....2.....
0x0032fd68: 0000002d 0000002f 014e7443 03382200 -.../...CtN.."8.
0x0032fd78: 7755e38c 7755e0f2 01e85f88 00000000 ..Uw..Uw._......
0x0032fd88: 0000000f 00e21970 6f6e6f00 6374652f ....p....ono/etc
0x0032fd98: 0032fd00 01878b49 00000000 0000000f ..2.I...........
0x0032fda8: 0000000f 0338222c 03382264 03382264 ....,"8.d"8.d"8.
0x0032fdb8: 01dc6dd8 03381a10 00e207d0 0032fd00 .m....8.......2.
0x0032fdc8: 0032fdf8 0000003f 0000003f 01d49150 ..2.?...?...P...
0x0032fdd8: 00ce38cc 03381af4 00000004 0032fd1c .8....8.......2.
0x0032fde8: 7754faea 0000004e 0000004f 49656e69 ..TwN...O...ineI
0x0032fdf8: 03382200 00000000 00000000 01c24e68 ."8.........hN..
0x0032fe08: 00000000 0000000f 0032fe40 00000000 ........@.2.....
0x0032fe18: 616e614d 00646567 01866cfb 00000000 Managed..l......
0x0032fe28: 00000007 0000000f 01866d08 00ce38cc .........m...8..
0x0032fe38: 033c7100 6e6f6d2f 6c642e6f 0100006c .q<./mono.dll...
0x0032fe48: 00000000 0000000f 00e21970 00000000 ........p.......
0x0032fe58: 00000000 0032fe74 0182e948 013d0000 ....t.2.H.....=.
0x0032fe68: 00000000 00353887 0000000a 0032ff04 .....85.......2.
0x0032fe78: 01863830 013d0000 00000000 00353887 08....=......85.
0x0032fe88: 0000000a 0216b0c8 00000000 00000000 ................
0x0032fe98: fffde000 00000044 00352378 00352358 ....D...x#5.X#5.
0x0032fea8: 00352336 00000000 00000000 00000000 6#5.............
0x0032feb8: 00000000 00000000 00000000 00000000 ................
0x0032fec8: 00000000 00000000 00000000 00000000 ................
0x0032fed8: 0032ff00 01874b74 c0000005 00000000 ..2.tK..........
0x0032fee8: 00000000 0032fe8c 0032f070 0032ff40 ......2.p.2.@.2.
0x0032fef8: 01865610 03ff7254 00000000 0032ff10 .V..Tr........2.
0x0032ff08: 7529338a fffde000 0032ff50 77569f72 .3)u....P.2.r.Vw
0x0032ff18: fffde000 7629596b 00000000 00000000 ....kY)v........
0x0032ff28: fffde000 c0000005 752b76f7 752b76f7 .........v+u.v+u
0x0032ff38: 0032ff1c 0032f074 ffffffff 775a71f5 ..2.t.2......qZw
0x0032ff48: 014e636b 00000000 0032ff68 77569f45 kcN.....h.2.E.Vw
0x0032ff58: 01863883 fffde000 00000000 00000000 .8..............
0x0032ff68: 00000000 00000000 01863883 fffde000 .........8......
0x0032ff78: 00000000 00000000 00000000 00000000 ................
0x0032ff88: 00000000 00000000 00000000 00000000 ................
0x0032ff98: 00000000 00000000 00000000 00000000 ................
0x0032ffa8: 00000000 00000000 00000000 00000000 ................
0x0032ffb8: 00000000 00000000 00000000 00000000 ................
0x0032ffc8: 00000000 00000000 00000000 00000000 ................
0x0032ffd8: 00000000 00000000 00000000 00000000 ................
0x0032ffe8: 00000000 00000000 00000000 00000000 ................
0x0032fff8: 00000000 00000000                   ........

Module 1
C:\Users\hacker\Documents\New Unity Project 1\HackMIT Demo.exe
Image Base: 0x013d0000  Image Size: 0x00ba3000
File Size:  11537920    File Time:  2014-07-07_105116
Version:
   Company:    
   Product:    
   FileDesc:   
   FileVer:    4.5.2.26843
   ProdVer:    4.5.2.26843

Module 2
C:\Users\hacker\Documents\New Unity Project 1\HackMIT Demo_Data\Mono\mono.dll
Image Base: 0x10000000  Image Size: 0x0022f000
File Size:  2101248     File Time:  2014-07-07_104022
Version:
   Company:    
   Product:    
   FileDesc:   
   FileVer:    0.0.0.0
   ProdVer:    0.0.0.0

Module 3
C:\Users\hacker\Documents\New Unity Project 1\HackMIT Demo_Data\Plugins\OculusPlugin.dll
Image Base: 0x50280000  Image Size: 0x00097000
File Size:  588800      File Time:  2014-09-03_023418
Version:
   Company:    
   Product:    
   FileDesc:   
   FileVer:    0.0.0.0
   ProdVer:    0.0.0.0

Module 4
C:\Windows\system32\Xinput9_1_0.dll
Image Base: 0x51a10000  Image Size: 0x00009000
File Size:  25600       File Time:  2009-07-13_201622
Version:
   Company:    Microsoft Corporation
   Product:    Microsoft® Windows® Operating System
   FileDesc:   XNA Common Controller
   FileVer:    6.1.7600.16385
   ProdVer:    6.1.7600.16385

Module 5
C:\Windows\system32\MSACM32.dll
Image Base: 0x5e780000  Image Size: 0x00014000
File Size:  72192       File Time:  2009-07-13_201544
Version:
   Company:    Microsoft Corporation
   Product:    Microsoft® Windows® Operating System
   FileDesc:   Microsoft ACM Audio Filter
   FileVer:    6.1.7600.16385
   ProdVer:    6.1.7600.16385

Module 6
C:\Windows\system32\HID.DLL
Image Base: 0x5fcd0000  Image Size: 0x00009000
File Size:  22016       File Time:  2009-07-13_201526
Version:
   Company:    Microsoft Corporation
   Product:    Microsoft® Windows® Operating System
   FileDesc:   Hid User Library
   FileVer:    6.1.7600.16385
   ProdVer:    6.1.7600.16385

Module 7
C:\Windows\system32\nvapi.dll
Image Base: 0x5fdb0000  Image Size: 0x002b6000
File Size:  2695200     File Time:  2013-12-10_153226
Version:
   Company:    NVIDIA Corporation
   Product:    NVIDIA Windows drivers
   FileDesc:   NVIDIA NVAPI Library, Version 331.65 
   FileVer:    9.18.13.3165
   ProdVer:    9.18.13.3165

Module 8
C:\Program Files (x86)\NVIDIA Corporation\3D Vision\nvSCPAPI.dll
Image Base: 0x60070000  Image Size: 0x00133000
File Size:  1185768     File Time:  2013-10-23_030244
Version:
   Company:    NVIDIA Corporation
   Product:    NVIDIA GeForce 3D Vision
   FileDesc:   NVIDIA 3D Vision Control Panel API
   FileVer:    7.17.13.3165
   ProdVer:    7.17.13.3165

Module 9
C:\Windows\system32\nvd3dum.dll
Image Base: 0x60c50000  Image Size: 0x00e7a000
File Size:  15212336    File Time:  2013-12-10_153240
Version:
   Company:    NVIDIA Corporation
   Product:    NVIDIA Windows WDDM D3D driver
   FileDesc:   NVIDIA WDDM D3D Driver, Version 331.65 
   FileVer:    9.18.13.3165
   ProdVer:    9.18.13.3165

Module 10
C:\Windows\system32\webio.dll
Image Base: 0x61b10000  Image Size: 0x0004f000
File Size:  314880      File Time:  2012-05-14_104356
Version:
   Company:    Microsoft Corporation
   Product:    Microsoft® Windows® Operating System
   FileDesc:   Web Transfer Protocols API
   FileVer:    6.1.7601.17725
   ProdVer:    6.1.7601.17725

Module 11
C:\Windows\system32\WINHTTP.dll
Image Base: 0x61b60000  Image Size: 0x00058000
File Size:  351232      File Time:  2010-11-20_222410
Version:
   Company:    Microsoft Corporation
   Product:    Microsoft® Windows® Operating System
   FileDesc:   Windows HTTP Services
   FileVer:    6.1.7601.17514
   ProdVer:    6.1.7601.17514

Module 12
C:\Windows\system32\d3d9.dll
Image Base: 0x6b150000  Image Size: 0x001c3000
File Size:  1828352     File Time:  2010-11-20_222424
Version:
   Company:    Microsoft Corporation
   Product:    Microsoft® Windows® Operating System
   FileDesc:   Direct3D 9 Runtime
   FileVer:    6.1.7601.17514
   ProdVer:    6.1.7601.17514

Module 13
C:\Windows\system32\d3d8thk.dll
Image Base: 0x6cad0000  Image Size: 0x00006000
File Size:  11264       File Time:  2009-07-13_201510
Version:
   Company:    Microsoft Corporation
   Product:    Microsoft® Windows® Operating System
   FileDesc:   Microsoft Direct3D OS Thunk Layer
   FileVer:    6.1.7600.16385
   ProdVer:    6.1.7600.16385

Module 14
C:\Windows\system32\midimap.dll
Image Base: 0x6cb30000  Image Size: 0x00007000
File Size:  16896       File Time:  2009-07-13_201542
Version:
   Company:    Microsoft Corporation
   Product:    Microsoft® Windows® Operating System
   FileDesc:   Microsoft MIDI Mapper
   FileVer:    6.1.7600.16385
   ProdVer:    6.1.7600.16385

Module 15
C:\Windows\system32\msacm32.drv
Image Base: 0x6cb40000  Image Size: 0x00008000
File Size:  20992       File Time:  2009-07-13_201410
Version:
   Company:    Microsoft Corporation
   Product:    Microsoft® Windows® Operating System
   FileDesc:   Microsoft Sound Mapper
   FileVer:    6.1.7600.16385
   ProdVer:    6.1.7600.16385

Module 16
C:\Windows\system32\wdmaud.drv
Image Base: 0x6d680000  Image Size: 0x00030000
File Size:  172032      File Time:  2010-11-20_222402
Version:
   Company:    Microsoft Corporation
   Product:    Microsoft® Windows® Operating System
   FileDesc:   Winmm  audio system driver
   FileVer:    6.1.7601.17514
   ProdVer:    6.1.7601.17514

Module 17
C:\Windows\system32\dxgi.dll
Image Base: 0x703c0000  Image Size: 0x0004c000
File Size:  293376      File Time:  2014-09-05_203948
Version:
   Company:    Microsoft Corporation
   Product:    Microsoft® Windows® Operating System
   FileDesc:   DirectX Graphics Infrastructure
   FileVer:    6.2.9200.16492
   ProdVer:    6.2.9200.16492

Module 18
C:\Windows\system32\dwmapi.dll
Image Base: 0x70490000  Image Size: 0x00013000
File Size:  67072       File Time:  2009-07-13_201514
Version:
   Company:    Microsoft Corporation
   Product:    Microsoft® Windows® Operating System
   FileDesc:   Microsoft Desktop Window Manager API
   FileVer:    6.1.7600.16385
   ProdVer:    6.1.7600.16385

Module 19
C:\Windows\system32\DCIMAN32.dll
Image Base: 0x704b0000  Image Size: 0x00006000
File Size:  10240       File Time:  2013-06-05_235058
Version:
   Company:    Microsoft Corporation
   Product:    Microsoft® Windows® Operating System
   FileDesc:   DCI Manager
   FileVer:    6.1.7601.18177
   ProdVer:    6.1.7601.18177

Module 20
C:\Windows\system32\DDRAW.dll
Image Base: 0x704c0000  Image Size: 0x000e7000
File Size:  531968      File Time:  2009-07-13_201512
Version:
   Company:    Microsoft Corporation
   Product:    Microsoft® Windows® Operating System
   FileDesc:   Microsoft DirectDraw
   FileVer:    6.1.7600.16385
   ProdVer:    6.1.7600.16385

Module 21
C:\Windows\system32\GLU32.dll
Image Base: 0x705b0000  Image Size: 0x00022000
File Size:  130048      File Time:  2009-07-13_201524
Version:
   Company:    Microsoft Corporation
   Product:    Microsoft® Windows® Operating System
   FileDesc:   OpenGL Utility Library DLL
   FileVer:    6.1.7600.16385
   ProdVer:    6.1.7600.16385

Module 22
C:\Windows\system32\OPENGL32.dll
Image Base: 0x705e0000  Image Size: 0x000c8000
File Size:  791552      File Time:  2009-07-13_201614
Version:
   Company:    Microsoft Corporation
   Product:    Microsoft® Windows® Operating System
   FileDesc:   OpenGL Client DLL
   FileVer:    6.1.7600.16385
   ProdVer:    6.1.7600.16385

Module 23
C:\Windows\system32\dbghelp.dll
Image Base: 0x71100000  Image Size: 0x000eb000
File Size:  854016      File Time:  2010-11-20_222410
Version:
   Company:    Microsoft Corporation
   Product:    Microsoft® Windows® Operating System
   FileDesc:   Windows Image Helper
   FileVer:    6.1.7601.17514
   ProdVer:    6.1.7601.17514

Module 24
C:\Windows\system32\DNSAPI.dll
Image Base: 0x71240000  Image Size: 0x00044000
File Size:  270336      File Time:  2012-05-14_104356
Version:
   Company:    Microsoft Corporation
   Product:    Microsoft® Windows® Operating System
   FileDesc:   DNS Client API DLL
   FileVer:    6.1.7601.17570
   ProdVer:    6.1.7601.17570

Module 25
C:\Windows\System32\wship6.dll
Image Base: 0x71290000  Image Size: 0x00006000
File Size:  10752       File Time:  2009-07-13_201622
Version:
   Company:    Microsoft Corporation
   Product:    Microsoft® Windows® Operating System
   FileDesc:   Winsock2 Helper DLL (TL/IPv6)
   FileVer:    6.1.7600.16385
   ProdVer:    6.1.7600.16385

Module 26
C:\Windows\system32\MSWSOCK.dll
Image Base: 0x712b0000  Image Size: 0x0003c000
File Size:  231424      File Time:  2013-09-07_210400
Version:
   Company:    Microsoft Corporation
   Product:    Microsoft® Windows® Operating System
   FileDesc:   Microsoft Windows Sockets 2.0 Service Provider
   FileVer:    6.1.7601.18254
   ProdVer:    6.1.7601.18254

Module 27
C:\Windows\system32\AUDIOSES.DLL
Image Base: 0x714a0000  Image Size: 0x00036000
File Size:  195584      File Time:  2010-11-20_222356
Version:
   Company:    Microsoft Corporation
   Product:    Microsoft® Windows® Operating System
   FileDesc:   Audio Session
   FileVer:    6.1.7601.17514
   ProdVer:    6.1.7601.17514

Module 28
C:\Windows\system32\PROPSYS.dll
Image Base: 0x714e0000  Image Size: 0x000f5000
File Size:  988160      File Time:  2010-11-20_222410
Version:
   Company:    Microsoft Corporation
   Product:    Windows® Search
   FileDesc:   Microsoft Property System
   FileVer:    7.0.7601.17514
   ProdVer:    7.0.7601.17514

Module 29
C:\Windows\system32\MMDevAPI.DLL
Image Base: 0x715e0000  Image Size: 0x00039000
File Size:  213504      File Time:  2010-11-20_222352
Version:
   Company:    Microsoft Corporation
   Product:    Microsoft® Windows® Operating System
   FileDesc:   MMDevice API
   FileVer:    6.1.7601.17514
   ProdVer:    6.1.7601.17514

Module 30
C:\Windows\system32\uxtheme.dll
Image Base: 0x716a0000  Image Size: 0x00080000
File Size:  245760      File Time:  2009-07-13_201126
Version:
   Company:    Microsoft Corporation
   Product:    Microsoft® Windows® Operating System
   FileDesc:   Microsoft UxTheme Library
   FileVer:    6.1.7600.16385
   ProdVer:    6.1.7600.16385

Module 31
C:\Windows\system32\WINNSI.DLL
Image Base: 0x71b80000  Image Size: 0x00007000
File Size:  16896       File Time:  2009-07-13_201620
Version:
   Company:    Microsoft Corporation
   Product:    Microsoft® Windows® Operating System
   FileDesc:   Network Store Information RPC interface
   FileVer:    6.1.7600.16385
   ProdVer:    6.1.7600.16385

Module 32
C:\Windows\system32\IPHLPAPI.DLL
Image Base: 0x71b90000  Image Size: 0x0001c000
File Size:  103936      File Time:  2010-11-20_222434
Version:
   Company:    Microsoft Corporation
   Product:    Microsoft® Windows® Operating System
   FileDesc:   IP Helper API
   FileVer:    6.1.7601.17514
   ProdVer:    6.1.7601.17514

Module 33
C:\Windows\system32\AVRT.dll
Image Base: 0x71be0000  Image Size: 0x00007000
File Size:  14336       File Time:  2009-07-13_201500
Version:
   Company:    Microsoft Corporation
   Product:    Microsoft® Windows® Operating System
   FileDesc:   Multimedia Realtime Runtime
   FileVer:    6.1.7600.16385
   ProdVer:    6.1.7600.16385

Module 34
C:\Windows\system32\ksuser.dll
Image Base: 0x72390000  Image Size: 0x00004000
File Size:  4608        File Time:  2009-07-13_201536
Version:
   Company:    Microsoft Corporation
   Product:    Microsoft® Windows® Operating System
   FileDesc:   User CSA Library
   FileVer:    6.1.7600.16385
   ProdVer:    6.1.7600.16385

Module 35
C:\Windows\system32\powrprof.dll
Image Base: 0x74c60000  Image Size: 0x00025000
File Size:  145408      File Time:  2009-07-13_201614
Version:
   Company:    Microsoft Corporation
   Product:    Microsoft® Windows® Operating System
   FileDesc:   Power Profile Helper DLL
   FileVer:    6.1.7600.16385
   ProdVer:    6.1.7600.16385

Module 36
C:\Windows\system32\WINMM.dll
Image Base: 0x74c90000  Image Size: 0x00032000
File Size:  194048      File Time:  2010-11-20_222418
Version:
   Company:    Microsoft Corporation
   Product:    Microsoft® Windows® Operating System
   FileDesc:   MCI API DLL
   FileVer:    6.1.7601.17514
   ProdVer:    6.1.7601.17514

Module 37
C:\Windows\system32\dsound.dll
Image Base: 0x74cd0000  Image Size: 0x00072000
File Size:  453632      File Time:  2009-07-13_201514
Version:
   Company:    Microsoft Corporation
   Product:    Microsoft® Windows® Operating System
   FileDesc:   DirectSound
   FileVer:    6.1.7600.16385
   ProdVer:    6.1.7600.16385

Module 38
C:\Windows\SysWOW64\nvinit.dll
Image Base: 0x74db0000  Image Size: 0x00029000
File Size:  141336      File Time:  2013-12-10_153246
Version:
   Company:    NVIDIA Corporation
   Product:    NVIDIA D3D shim drivers
   FileDesc:   NVIDIA shim initialization dll, Version 331.65 
   FileVer:    9.18.13.3165
   ProdVer:    9.18.13.3165

Module 39
C:\Windows\system32\VERSION.dll
Image Base: 0x74e40000  Image Size: 0x00009000
File Size:  21504       File Time:  2009-07-13_201618
Version:
   Company:    Microsoft Corporation
   Product:    Microsoft® Windows® Operating System
   FileDesc:   Version Checking and File Installation Libraries
   FileVer:    6.1.7600.16385
   ProdVer:    6.1.7600.16385

Module 40
C:\Windows\syswow64\CRYPTBASE.dll
Image Base: 0x74f10000  Image Size: 0x0000c000
File Size:  36864       File Time:  2009-07-13_201508
Version:
   Company:    Microsoft Corporation
   Product:    Microsoft® Windows® Operating System
   FileDesc:   Base cryptographic API DLL
   FileVer:    6.1.7600.16385
   ProdVer:    6.1.7600.16385

Module 41
C:\Windows\syswow64\SspiCli.dll
Image Base: 0x74f20000  Image Size: 0x00060000
File Size:  96768       File Time:  2014-07-06_203918
Version:
   Company:    Microsoft Corporation
   Product:    Microsoft® Windows® Operating System
   FileDesc:   Security Support Provider Interface
   FileVer:    6.1.7601.18526
   ProdVer:    6.1.7601.18526

Module 42
C:\Windows\syswow64\kernel32.dll
Image Base: 0x75280000  Image Size: 0x00110000
File Size:  1114112     File Time:  2014-03-04_041618
Version:
   Company:    Microsoft Corporation
   Product:    Microsoft® Windows® Operating System
   FileDesc:   Windows NT BASE API Client DLL
   FileVer:    6.1.7601.18409
   ProdVer:    6.1.7601.18409

Module 43
C:\Windows\syswow64\GDI32.dll
Image Base: 0x75390000  Image Size: 0x00090000
File Size:  311808      File Time:  2014-08-22_204556
Version:
   Company:    Microsoft Corporation
   Product:    Microsoft® Windows® Operating System
   FileDesc:   GDI Client DLL
   FileVer:    6.1.7601.18577
   ProdVer:    6.1.7601.18577

Module 44
C:\Windows\syswow64\USP10.dll
Image Base: 0x75440000  Image Size: 0x0009d000
File Size:  626688      File Time:  2014-04-24_210618
Version:
   Company:    Microsoft Corporation
   Product:    Microsoft(R) Uniscribe Unicode script processor
   FileDesc:   Uniscribe Unicode script processor
   FileVer:    1.626.7601.18454
   ProdVer:    1.626.7601.18454

Module 45
C:\Windows\syswow64\SHELL32.dll
Image Base: 0x754e0000  Image Size: 0x00c4a000
File Size:  12874240    File Time:  2014-06-24_204132
Version:
   Company:    Microsoft Corporation
   Product:    Microsoft® Windows® Operating System
   FileDesc:   Windows Shell Common Dll
   FileVer:    6.1.7601.18517
   ProdVer:    6.1.7601.18517

Module 46
C:\Windows\syswow64\RPCRT4.dll
Image Base: 0x76140000  Image Size: 0x000f0000
File Size:  664064      File Time:  2014-07-13_204100
Version:
   Company:    Microsoft Corporation
   Product:    Microsoft® Windows® Operating System
   FileDesc:   Remote Procedure Call Runtime
   FileVer:    6.1.7601.18532
   ProdVer:    6.1.7601.18532

Module 47
C:\Windows\syswow64\OLEAUT32.dll
Image Base: 0x76230000  Image Size: 0x0008f000
File Size:  571904      File Time:  2012-05-14_104358
Version:
   Company:    Microsoft Corporation
   Product:    
   FileDesc:   
   FileVer:    6.1.7601.17676
   ProdVer:    6.1.7601.17676

Module 48
C:\Windows\syswow64\WS2_32.dll
Image Base: 0x762c0000  Image Size: 0x00035000
File Size:  206848      File Time:  2010-11-20_222356
Version:
   Company:    Microsoft Corporation
   Product:    Microsoft® Windows® Operating System
   FileDesc:   Windows Socket 2.0 32-Bit DLL
   FileVer:    6.1.7601.17514
   ProdVer:    6.1.7601.17514

Module 49
C:\Windows\syswow64\CRYPT32.dll
Image Base: 0x76300000  Image Size: 0x00120000
File Size:  1168384     File Time:  2013-10-05_145726
Version:
   Company:    Microsoft Corporation
   Product:    Microsoft® Windows® Operating System
   FileDesc:   Crypto API32
   FileVer:    6.1.7601.18277
   ProdVer:    6.1.7601.18277

Module 50
C:\Windows\syswow64\CLBCatQ.DLL
Image Base: 0x76420000  Image Size: 0x00083000
File Size:  522240      File Time:  2009-07-13_201504
Version:
   Company:    Microsoft Corporation
   Product:    Microsoft® Windows® Operating System
   FileDesc:   COM+ Configuration Catalog
   FileVer:    2001.12.8530.16385
   ProdVer:    6.1.7600.16385

Module 51
C:\Windows\SysWOW64\sechost.dll
Image Base: 0x764c0000  Image Size: 0x00019000
File Size:  92160       File Time:  2009-07-13_201614
Version:
   Company:    Microsoft Corporation
   Product:    Microsoft® Windows® Operating System
   FileDesc:   Host for SCM/SDDL/LSA Lookup APIs
   FileVer:    6.1.7600.16385
   ProdVer:    6.1.7600.16385

Module 52
C:\Windows\syswow64\USER32.dll
Image Base: 0x764e0000  Image Size: 0x00100000
File Size:  833024      File Time:  2010-11-20_222422
Version:
   Company:    Microsoft Corporation
   Product:    Microsoft® Windows® Operating System
   FileDesc:   Multi-User Windows USER API Client DLL
   FileVer:    6.1.7601.17514
   ProdVer:    6.1.7601.17514

Module 53
C:\Windows\syswow64\ole32.dll
Image Base: 0x765e0000  Image Size: 0x0015c000
File Size:  1414144     File Time:  2010-11-20_222402
Version:
   Company:    Microsoft Corporation
   Product:    Microsoft® Windows® Operating System
   FileDesc:   Microsoft OLE for Windows
   FileVer:    6.1.7601.17514
   ProdVer:    6.1.7601.17514

Module 54
C:\Windows\syswow64\ADVAPI32.dll
Image Base: 0x76740000  Image Size: 0x000a0000
File Size:  640512      File Time:  2013-08-28_204818
Version:
   Company:    Microsoft Corporation
   Product:    Microsoft® Windows® Operating System
   FileDesc:   Advanced Windows 32 Base API
   FileVer:    6.1.7601.18247
   ProdVer:    6.1.7601.18247

Module 55
C:\Windows\syswow64\IMM32.dll
Image Base: 0x767e0000  Image Size: 0x00060000
File Size:  119808      File Time:  2010-11-20_222426
Version:
   Company:    Microsoft Corporation
   Product:    Microsoft® Windows® Operating System
   FileDesc:   Multi-User Windows IMM32 API Client DLL
   FileVer:    6.1.7601.17514
   ProdVer:    6.1.7601.17514

Module 56
C:\Windows\syswow64\LPK.dll
Image Base: 0x768a0000  Image Size: 0x0000a000
File Size:  25600       File Time:  2013-06-05_235702
Version:
   Company:    Microsoft Corporation
   Product:    Microsoft® Windows® Operating System
   FileDesc:   Language Pack
   FileVer:    6.1.7601.18177
   ProdVer:    6.1.7601.18177

Module 57
C:\Windows\syswow64\SHLWAPI.dll
Image Base: 0x768b0000  Image Size: 0x00057000
File Size:  350208      File Time:  2010-11-20_222350
Version:
   Company:    Microsoft Corporation
   Product:    Microsoft® Windows® Operating System
   FileDesc:   Shell Light-weight Utility Library
   FileVer:    6.1.7601.17514
   ProdVer:    6.1.7601.17514

Module 58
C:\Windows\syswow64\KERNELBASE.dll
Image Base: 0x76920000  Image Size: 0x00047000
File Size:  274944      File Time:  2014-03-04_041620
Version:
   Company:    Microsoft Corporation
   Product:    Microsoft® Windows® Operating System
   FileDesc:   Windows NT BASE API Client DLL
   FileVer:    6.1.7601.18409
   ProdVer:    6.1.7601.18409

Module 59
C:\Windows\syswow64\DEVOBJ.dll
Image Base: 0x76970000  Image Size: 0x00012000
File Size:  64512       File Time:  2012-05-14_104404
Version:
   Company:    Microsoft Corporation
   Product:    Microsoft® Windows® Operating System
   FileDesc:   Device Information Set DLL
   FileVer:    6.1.7601.17621
   ProdVer:    6.1.7601.17621

Module 60
C:\Windows\syswow64\MSASN1.dll
Image Base: 0x76990000  Image Size: 0x0000c000
File Size:  34304       File Time:  2010-11-20_222350
Version:
   Company:    Microsoft Corporation
   Product:    Microsoft® Windows® Operating System
   FileDesc:   ASN.1 Runtime APIs
   FileVer:    6.1.7601.17514
   ProdVer:    6.1.7601.17514

Module 61
C:\Windows\syswow64\NSI.dll
Image Base: 0x76a40000  Image Size: 0x00006000
File Size:  8704        File Time:  2009-07-13_201612
Version:
   Company:    Microsoft Corporation
   Product:    Microsoft® Windows® Operating System
   FileDesc:   NSI User-mode interface DLL
   FileVer:    6.1.7600.16385
   ProdVer:    6.1.7600.16385

Module 62
C:\Windows\syswow64\PSAPI.DLL
Image Base: 0x76ae0000  Image Size: 0x00005000
File Size:  6144        File Time:  2009-07-13_201614
Version:
   Company:    Microsoft Corporation
   Product:    Microsoft® Windows® Operating System
   FileDesc:   Process Status Helper
   FileVer:    6.1.7600.16385
   ProdVer:    6.1.7600.16385

Module 63
C:\Windows\syswow64\SETUPAPI.dll
Image Base: 0x76d80000  Image Size: 0x0019d000
File Size:  1667584     File Time:  2010-11-20_222352
Version:
   Company:    Microsoft Corporation
   Product:    Microsoft® Windows® Operating System
   FileDesc:   Windows Setup API
   FileVer:    6.1.7601.17514
   ProdVer:    6.1.7601.17514

Module 64
C:\Windows\syswow64\MSCTF.dll
Image Base: 0x76f50000  Image Size: 0x000cc000
File Size:  828928      File Time:  2009-07-13_201544
Version:
   Company:    Microsoft Corporation
   Product:    Microsoft® Windows® Operating System
   FileDesc:   MSCTF Server DLL
   FileVer:    6.1.7600.16385
   ProdVer:    6.1.7600.16385

Module 65
C:\Windows\syswow64\msvcrt.dll
Image Base: 0x77020000  Image Size: 0x000ac000
File Size:  690688      File Time:  2012-05-14_104356
Version:
   Company:    Microsoft Corporation
   Product:    Microsoft® Windows® Operating System
   FileDesc:   Windows NT CRT DLL
   FileVer:    7.0.7601.17744
   ProdVer:    6.1.8638.17744

Module 66
C:\Windows\syswow64\CFGMGR32.dll
Image Base: 0x770d0000  Image Size: 0x00027000
File Size:  145920      File Time:  2012-05-14_104404
Version:
   Company:    Microsoft Corporation
   Product:    Microsoft® Windows® Operating System
   FileDesc:   Configuration Manager DLL
   FileVer:    6.1.7601.17621
   ProdVer:    6.1.7601.17621

Module 67
C:\Windows\syswow64\WINTRUST.dll
Image Base: 0x77100000  Image Size: 0x0002e000
File Size:  175104      File Time:  2013-07-08_235212
Version:
   Company:    Microsoft Corporation
   Product:    Microsoft® Windows® Operating System
   FileDesc:   Microsoft Trust Verification APIs
   FileVer:    6.1.7601.18205
   ProdVer:    6.1.7601.18205

Module 68
C:\Windows\SysWOW64\ntdll.dll
Image Base: 0x77530000  Image Size: 0x00180000
File Size:  1292192     File Time:  2013-08-28_205032
Version:
   Company:    Microsoft Corporation
   Product:    Microsoft® Windows® Operating System
   FileDesc:   NT Layer DLL
   FileVer:    6.1.7601.18247
   ProdVer:    6.1.7601.18247


== [end of error.log] ==
